<?xml version="1.0" encoding="UTF-8"?>
<!-- Generated by org.testng.reporters.JUnitReportReporter -->
<testsuite hostname="DESKTOP-S3RV3MH" failures="0" tests="1" name="DataDriven_testAPI.T001_DataDriven_Singledata_post" time="2.986" errors="0" timestamp="2020-11-19T12:51:10 IST" skipped="0">
  <testcase classname="DataDriven_testAPI.T001_DataDriven_Singledata_post" name="DataDriven_singleData" time="2.986"/>
  <system-out/>
</testsuite> <!-- DataDriven_testAPI.T001_DataDriven_Singledata_post -->
