<?xml version="1.0" encoding="UTF-8"?>
<!-- Generated by org.testng.reporters.JUnitReportReporter -->
<testsuite hostname="DESKTOP-S3RV3MH" failures="0" tests="1" name="Test_restassured.getMethod" time="3.841" errors="0" timestamp="2020-11-18T22:09:13 IST" skipped="0">
  <testcase classname="Test_restassured.getMethod" name="getMethod1" time="3.841"/>
  <system-out/>
</testsuite> <!-- Test_restassured.getMethod -->
