<?xml version="1.0" encoding="UTF-8"?>
<!-- Generated by org.testng.reporters.JUnitReportReporter -->
<testsuite hostname="DESKTOP-S3RV3MH" failures="0" tests="1" name="TC001_gerReq" time="5.549" errors="0" timestamp="2020-11-17T21:45:19 IST" skipped="0">
  <testcase classname="TC001_gerReq" name="getReqDetails" time="5.549"/>
  <system-out/>
</testsuite> <!-- TC001_gerReq -->
