<?xml version="1.0" encoding="UTF-8"?>
<!-- Generated by org.testng.reporters.JUnitReportReporter -->
<testsuite hostname="DESKTOP-S3RV3MH" failures="0" tests="2" name="DataDriven_testAPI.T002_DataDrive_MultipleData" time="3.410" errors="0" timestamp="2020-11-19T12:56:44 IST" skipped="0">
  <testcase classname="DataDriven_testAPI.T002_DataDrive_MultipleData" name="DataDriven_singleData" time="2.816"/>
  <system-out/>
  <testcase classname="DataDriven_testAPI.T002_DataDrive_MultipleData" name="DataDriven_singleData" time="0.594"/>
  <system-out/>
</testsuite> <!-- DataDriven_testAPI.T002_DataDrive_MultipleData -->
