<?xml version="1.0" encoding="UTF-8"?>
<!-- Generated by org.testng.reporters.JUnitReportReporter -->
<testsuite hostname="DESKTOP-S3RV3MH" failures="0" tests="1" name="Test_restassured.get_validate_ResponseBody" time="3.721" errors="0" timestamp="2020-11-18T22:30:51 IST" skipped="0">
  <testcase classname="Test_restassured.get_validate_ResponseBody" name="validateresponseBody" time="3.721"/>
  <system-out/>
</testsuite> <!-- Test_restassured.get_validate_ResponseBody -->
