<?xml version="1.0" encoding="UTF-8"?>
<!-- Generated by org.testng.reporters.JUnitReportReporter -->
<testsuite hostname="DESKTOP-S3RV3MH" failures="0" tests="1" name="Test_restassured.postMethod" time="3.062" errors="0" timestamp="2020-11-17T22:55:57 IST" skipped="0">
  <testcase classname="Test_restassured.postMethod" name="postMethod1" time="3.062"/>
  <system-out/>
</testsuite> <!-- Test_restassured.postMethod -->
